<?xml version="1.0" encoding="UTF-8"?><testsuite errors="0" failures="0" name="com.gorestwk18.crudtest.CRUDTest" skipped="0" tests="4" time="11.69" timestamp="2023-06-08T21:10:34.380+01:00[Europe/London]"><testcase classname="com.gorestwk18.crudtest.CRUDTest" name="Creating new user."/><testcase classname="com.gorestwk18.crudtest.CRUDTest" name="Verifying user was created."/><testcase classname="com.gorestwk18.crudtest.CRUDTest" name="Updating the user and verifying updated information."/><testcase classname="com.gorestwk18.crudtest.CRUDTest" name="Deleting the user and verifying user was deleted."/></testsuite>